[2024-02-21 00:59:12,539] INFO [com.skynet.HibernateRunner: 21] User entity is in transient state, object: User(username=alex1337@gmail.com, firstname=Alex, lastname=Ali, birthDate=null, info=null, role=null)
[2024-02-21 00:59:12,587] INFO [org.hibernate.Version: 44] HHH000412: Hibernate ORM core version 5.6.15.Final
[2024-02-21 00:59:12,725] INFO [Hibernate Types: 283] This framework is proudly powered by:

>>>>>>>>>>>>>>>>>>>>>>>>>>>>>>>>>>>>>>>>>>>>>>>>>>>>>>>>>>>>>>>>
 _    _                           _     _
| |  | |                         (_)   | |
| |__| |_   _ _ __   ___ _ __ ___ _ ___| |_ ___ _ __   ___ ___
|  __  | | | | '_ \ / _ \ '__/ __| / __| __/ _ \ '_ \ / __/ _ \
| |  | | |_| | |_) |  __/ |  \__ \ \__ \ ||  __/ | | | (_|  __/
|_|  |_|\__, | .__/ \___|_|  |___/_|___/\__\___|_| |_|\___\___|
         __/ | |
        |___/|_|

At Hypersistence, we only build amazing tools, like Hibernate Types, Flexy Pool, or Hypersistence Optimizer.

What if there were a tool that could automatically detect JPA and Hibernate performance issues?

Hypersistence Optimizer is that tool! For more details, go to: 

https://vladmihalcea.com/hypersistence-optimizer/
<<<<<<<<<<<<<<<<<<<<<<<<<<<<<<<<<<<<<<<<<<<<<<<<<<<<<<<<<<<<<<<<

[2024-02-21 00:59:13,006] INFO [org.hibernate.annotations.common.Version: 56] HCANN000001: Hibernate Commons Annotations {5.1.2.Final}
[2024-02-21 00:59:13,088] WARN [org.hibernate.orm.connections.pooling: 75] HHH10001002: Using Hibernate built-in connection pool (not for production use!)
[2024-02-21 00:59:13,092] INFO [org.hibernate.orm.connections.pooling: 119] HHH10001005: using driver [org.postgresql.Driver] at URL [jdbc:postgresql://localhost:5432/postgres]
[2024-02-21 00:59:13,092] INFO [org.hibernate.orm.connections.pooling: 128] HHH10001001: Connection properties: {password=****, user=postgres}
[2024-02-21 00:59:13,092] INFO [org.hibernate.orm.connections.pooling: 132] HHH10001003: Autocommit mode: false
[2024-02-21 00:59:13,094] INFO [org.hibernate.engine.jdbc.connections.internal.DriverManagerConnectionProviderImpl: 322] HHH000115: Hibernate connection pool size: 20 (min=1)
[2024-02-21 00:59:13,362] INFO [org.hibernate.dialect.Dialect: 175] HHH000400: Using dialect: org.hibernate.dialect.PostgreSQLDialect
[2024-02-21 00:59:13,774] INFO [org.hibernate.engine.transaction.jta.platform.internal.JtaPlatformInitiator: 52] HHH000490: Using JtaPlatform implementation: [org.hibernate.engine.transaction.jta.platform.internal.NoJtaPlatform]
[2024-02-21 00:59:13,844] WARN [com.skynet.HibernateRunner: 34] User is in detached state; User(username=alex1337@gmail.com, firstname=Alex, lastname=Ali, birthDate=null, info=null, role=null), session is closed SessionImpl(1478493964<closed>)
[2024-02-21 00:59:13,845] INFO [org.hibernate.orm.connections.pooling: 550] HHH10001008: Cleaning up connection pool [jdbc:postgresql://localhost:5432/postgres]
[2024-02-21 01:03:07,432] INFO [com.skynet.HibernateRunner: 21] User entity is in transient state, object: User(username=alex1337@gmail.com, firstname=Alex, lastname=Ali, birthDate=null, info=null, role=null)
[2024-02-21 01:03:07,493] INFO [org.hibernate.Version: 44] HHH000412: Hibernate ORM core version 5.6.15.Final
[2024-02-21 01:03:07,647] INFO [Hibernate Types: 283] This framework is proudly powered by:

>>>>>>>>>>>>>>>>>>>>>>>>>>>>>>>>>>>>>>>>>>>>>>>>>>>>>>>>>>>>>>>>
 _    _                           _     _
| |  | |                         (_)   | |
| |__| |_   _ _ __   ___ _ __ ___ _ ___| |_ ___ _ __   ___ ___
|  __  | | | | '_ \ / _ \ '__/ __| / __| __/ _ \ '_ \ / __/ _ \
| |  | | |_| | |_) |  __/ |  \__ \ \__ \ ||  __/ | | | (_|  __/
|_|  |_|\__, | .__/ \___|_|  |___/_|___/\__\___|_| |_|\___\___|
         __/ | |
        |___/|_|

At Hypersistence, we only build amazing tools, like Hibernate Types, Flexy Pool, or Hypersistence Optimizer.

What if there were a tool that could automatically detect JPA and Hibernate performance issues?

Hypersistence Optimizer is that tool! For more details, go to: 

https://vladmihalcea.com/hypersistence-optimizer/
<<<<<<<<<<<<<<<<<<<<<<<<<<<<<<<<<<<<<<<<<<<<<<<<<<<<<<<<<<<<<<<<

[2024-02-21 01:03:07,942] INFO [org.hibernate.annotations.common.Version: 56] HCANN000001: Hibernate Commons Annotations {5.1.2.Final}
[2024-02-21 01:03:08,025] WARN [org.hibernate.orm.connections.pooling: 75] HHH10001002: Using Hibernate built-in connection pool (not for production use!)
[2024-02-21 01:03:08,028] INFO [org.hibernate.orm.connections.pooling: 119] HHH10001005: using driver [org.postgresql.Driver] at URL [jdbc:postgresql://localhost:5432/postgres]
[2024-02-21 01:03:08,029] INFO [org.hibernate.orm.connections.pooling: 128] HHH10001001: Connection properties: {password=****, user=postgres}
[2024-02-21 01:03:08,029] INFO [org.hibernate.orm.connections.pooling: 132] HHH10001003: Autocommit mode: false
[2024-02-21 01:03:08,031] INFO [org.hibernate.engine.jdbc.connections.internal.DriverManagerConnectionProviderImpl: 322] HHH000115: Hibernate connection pool size: 20 (min=1)
[2024-02-21 01:03:08,313] INFO [org.hibernate.dialect.Dialect: 175] HHH000400: Using dialect: org.hibernate.dialect.PostgreSQLDialect
[2024-02-21 01:03:08,693] INFO [org.hibernate.engine.transaction.jta.platform.internal.JtaPlatformInitiator: 52] HHH000490: Using JtaPlatform implementation: [org.hibernate.engine.transaction.jta.platform.internal.NoJtaPlatform]
[2024-02-21 01:03:08,761] WARN [com.skynet.HibernateRunner: 34] User is in detached state; User(username=alex1337@gmail.com, firstname=Alex, lastname=Ali, birthDate=null, info=null, role=null), session is closed SessionImpl(1478493964<closed>)
[2024-02-21 01:03:08,762] INFO [org.hibernate.orm.connections.pooling: 550] HHH10001008: Cleaning up connection pool [jdbc:postgresql://localhost:5432/postgres]
